# Start time: Mon Mar 20 16:58:46 CET 2017
2017-03-20 16:58:46,998 - nucleosomeDynamics_wf - INFO - Starting nucleosomeDynamics_wf.py
2017-03-20 16:58:47,012 - nucleosomeDynamics_wf - INFO - Output file directory set to MuG_userdata/MuGUSER57ecf22d91df3/myNuclDynProject
2017-03-20 16:58:47,040 - nucleosomeDynamics_wf - INFO - Created  NR_sample_cellcycle_G1.gff
2017-03-20 16:58:47,049 - nucleosomeDynamics_wf - INFO - Created  NR_sample_cellcycle_M.gff
2017-03-20 16:58:47,396 - nucleosomeDynamics_wf - INFO - Created  .NR_sample_cellcycle_G1_genes_stats.csv
2017-03-20 16:58:47,413 - nucleosomeDynamics_wf - INFO - Created  .NR_sample_cellcycle_G1_stats.csv
2017-03-20 16:58:47,433 - nucleosomeDynamics_wf - INFO - Created  .NR_sample_cellcycle_M_genes_stats.csv
2017-03-20 16:58:47,449 - nucleosomeDynamics_wf - INFO - Created  .NR_sample_cellcycle_M_stats.csv
2017-03-20 16:58:47,828 - nucleosomeDynamics_wf - INFO - Created  sample_cellcycle_M.bam.RData
2017-03-20 16:58:47,863 - nucleosomeDynamics_wf - INFO - Created  sample_cellcycle_G1.bam.RData
2017-03-20 16:58:47,876 - nucleosomeDynamics_wf - INFO - Created  sample_cellcycle_M.bam.cov
2017-03-20 16:58:47,890 - nucleosomeDynamics_wf - INFO - Created  sample_cellcycle_G1.bam.cov
2017-03-20 16:58:47,911 - nucleosomeDynamics_wf - INFO - Packing .NR_sample_cellcycle_G1_genes_stats.csv into statistics TAR
2017-03-20 16:58:47,941 - nucleosomeDynamics_wf - INFO - Packing .NR_sample_cellcycle_G1_stats.csv into statistics TAR
2017-03-20 16:58:47,944 - nucleosomeDynamics_wf - INFO - Packing .NR_sample_cellcycle_M_genes_stats.csv into statistics TAR
2017-03-20 16:58:47,967 - nucleosomeDynamics_wf - INFO - Packing .NR_sample_cellcycle_M_stats.csv into statistics TAR
2017-03-20 16:58:48,215 - nucleosomeDynamics_wf - INFO - Output files annotated into MuG_userdata/MuGUSER57ecf22d91df3/myNuclDynProject/.results.json
#### CONFIG FILE CONTAINS
	ID=MNaseSeq		ID=MuGUSER57ecf22d91df3_58b96fdc22eba8.25657003
	ID=MNaseSeq		ID=MuGUSER57ecf22d91df3_58b975fba8d344.30112648
	ID=project		ID=myNuclDynProject
	ID=nucleR		ID=on
	ID=nucleR:width		ID=147
	ID=nucleR:minoverlap		ID=80
	ID=nucleR:dyad__length		ID=50
	ID=nucleR:thresholdPercentage		ID=35
	ID=nucleR:hthresh		ID=0.4
	ID=nucleR:wthresh		ID=0.6
	ID=nucleR:pcKeepComp		ID=0.02
# End time: Mon Mar 20 16:58:48 CET 2017
